# JRE version: OpenJDK Runtime Environment Microsoft-8035246 (17.0.8+7) (build 17.0.8+7-LTS)
# Java VM: OpenJDK 64-Bit Server VM Microsoft-8035246 (17.0.8+7-LTS, mixed mode, sharing, tiered, compressed oops, compressed class ptrs, g1 gc, windows-amd64)
GC Precious Log:
 CPUs: 4 total, 4 available
 Memory: 16382M
 Large Page Support: Disabled
 NUMA Support: Disabled
 Compressed Oops: Enabled (32-bit)
 Heap Region Size: 1M
 Heap Min Capacity: 8M
 Heap Initial Capacity: 256M
 Heap Max Capacity: 2G
 Pre-touch: Disabled
 Parallel Workers: 4
 Concurrent Workers: 1
 Concurrent Refinement Workers: 4
 Periodic GC: Disabled
Heap:
 garbage-first heap   total 258048K, used 201075K [0x0000000080000000, 0x0000000100000000)
  region size 1024K, 57 young (58368K), 1 survivors (1024K)
 Metaspace       used 98545K, committed 99520K, reserved 557056K
  class space    used 13401K, committed 13888K, reserved 425984K
GC Heap History (20 events):
Event: 35.168 GC heap before
{Heap before GC invocations=42 (full 0):
 garbage-first heap   total 148480K, used 93600K [0x0000000080000000, 0x0000000100000000)
  region size 1024K, 7 young (7168K), 5 survivors (5120K)
 Metaspace       used 77252K, committed 78080K, reserved 557056K
  class space    used 10698K, committed 11072K, reserved 425984K
}
Event: 35.179 GC heap after
{Heap after GC invocations=43 (full 0):
 garbage-first heap   total 148480K, used 92226K [0x0000000080000000, 0x0000000100000000)
  region size 1024K, 1 young (1024K), 1 survivors (1024K)
 Metaspace       used 77252K, committed 78080K, reserved 557056K
  class space    used 10698K, committed 11072K, reserved 425984K
}
Event: 35.556 GC heap before
{Heap before GC invocations=43 (full 0):
 garbage-first heap   total 148480K, used 104514K [0x0000000080000000, 0x0000000100000000)
  region size 1024K, 14 young (14336K), 1 survivors (1024K)
 Metaspace       used 77331K, committed 78144K, reserved 557056K
  class space    used 10699K, committed 11072K, reserved 425984K
}
Event: 35.561 GC heap after
{Heap after GC invocations=44 (full 0):
 garbage-first heap   total 231424K, used 92769K [0x0000000080000000, 0x0000000100000000)
  region size 1024K, 2 young (2048K), 2 survivors (2048K)
 Metaspace       used 77331K, committed 78144K, reserved 557056K
  class space    used 10699K, committed 11072K, reserved 425984K
}
Event: 38.598 GC heap before
{Heap before GC invocations=44 (full 0):
 garbage-first heap   total 231424K, used 157281K [0x0000000080000000, 0x0000000100000000)
  region size 1024K, 57 young (58368K), 2 survivors (2048K)
 Metaspace       used 79777K, committed 80640K, reserved 557056K
  class space    used 11001K, committed 11392K, reserved 425984K
}
Event: 38.611 GC heap after
{Heap after GC invocations=45 (full 0):
 garbage-first heap   total 231424K, used 114067K [0x0000000080000000, 0x0000000100000000)
  region size 1024K, 11 young (11264K), 11 survivors (11264K)
 Metaspace       used 79777K, committed 80640K, reserved 557056K
  class space    used 11001K, committed 11392K, reserved 425984K
}
Event: 40.564 GC heap before
{Heap before GC invocations=45 (full 0):
 garbage-first heap   total 231424K, used 178579K [0x0000000080000000, 0x0000000100000000)
  region size 1024K, 70 young (71680K), 11 survivors (11264K)
 Metaspace       used 84687K, committed 85504K, reserved 557056K
  class space    used 11673K, committed 12032K, reserved 425984K
}
Event: 40.579 GC heap after
{Heap after GC invocations=46 (full 0):
 garbage-first heap   total 231424K, used 126183K [0x0000000080000000, 0x0000000100000000)
  region size 1024K, 8 young (8192K), 8 survivors (8192K)
 Metaspace       used 84687K, committed 85504K, reserved 557056K
  class space    used 11673K, committed 12032K, reserved 425984K
}
Event: 42.481 GC heap before
{Heap before GC invocations=46 (full 0):
 garbage-first heap   total 231424K, used 182503K [0x0000000080000000, 0x0000000100000000)
  region size 1024K, 63 young (64512K), 8 survivors (8192K)
 Metaspace       used 90044K, committed 90944K, reserved 557056K
  class space    used 12355K, committed 12800K, reserved 425984K
}
Event: 42.500 GC heap after
{Heap after GC invocations=47 (full 0):
 garbage-first heap   total 231424K, used 132353K [0x0000000080000000, 0x0000000100000000)
  region size 1024K, 7 young (7168K), 7 survivors (7168K)
 Metaspace       used 90044K, committed 90944K, reserved 557056K
  class space    used 12355K, committed 12800K, reserved 425984K
}
Event: 44.650 GC heap before
{Heap before GC invocations=48 (full 0):
 garbage-first heap   total 232448K, used 186625K [0x0000000080000000, 0x0000000100000000)
  region size 1024K, 60 young (61440K), 7 survivors (7168K)
 Metaspace       used 96064K, committed 97024K, reserved 557056K
  class space    used 13084K, committed 13568K, reserved 425984K
}
Event: 44.670 GC heap after
{Heap after GC invocations=49 (full 0):
 garbage-first heap   total 232448K, used 138314K [0x0000000080000000, 0x0000000100000000)
  region size 1024K, 7 young (7168K), 7 survivors (7168K)
 Metaspace       used 96064K, committed 97024K, reserved 557056K
  class space    used 13084K, committed 13568K, reserved 425984K
}
Event: 44.748 GC heap before
{Heap before GC invocations=49 (full 0):
 garbage-first heap   total 232448K, used 141386K [0x0000000080000000, 0x0000000100000000)
  region size 1024K, 11 young (11264K), 7 survivors (7168K)
 Metaspace       used 96380K, committed 97280K, reserved 557056K
  class space    used 13131K, committed 13568K, reserved 425984K
}
Event: 44.759 GC heap after
{Heap after GC invocations=50 (full 0):
 garbage-first heap   total 232448K, used 139066K [0x0000000080000000, 0x0000000100000000)
  region size 1024K, 2 young (2048K), 2 survivors (2048K)
 Metaspace       used 96380K, committed 97280K, reserved 557056K
  class space    used 13131K, committed 13568K, reserved 425984K
}
Event: 45.455 GC heap before
{Heap before GC invocations=50 (full 0):
 garbage-first heap   total 232448K, used 189242K [0x0000000080000000, 0x0000000100000000)
  region size 1024K, 51 young (52224K), 2 survivors (2048K)
 Metaspace       used 97978K, committed 98880K, reserved 557056K
  class space    used 13382K, committed 13824K, reserved 425984K
}
Event: 45.468 GC heap after
{Heap after GC invocations=51 (full 0):
 garbage-first heap   total 232448K, used 143035K [0x0000000080000000, 0x0000000100000000)
  region size 1024K, 6 young (6144K), 6 survivors (6144K)
 Metaspace       used 97978K, committed 98880K, reserved 557056K
  class space    used 13382K, committed 13824K, reserved 425984K
}
Event: 46.457 GC heap before
{Heap before GC invocations=52 (full 0):
 garbage-first heap   total 258048K, used 187067K [0x0000000080000000, 0x0000000100000000)
  region size 1024K, 50 young (51200K), 6 survivors (6144K)
 Metaspace       used 98151K, committed 99136K, reserved 557056K
  class space    used 13387K, committed 13888K, reserved 425984K
}
Event: 46.470 GC heap after
{Heap after GC invocations=53 (full 0):
 garbage-first heap   total 258048K, used 145782K [0x0000000080000000, 0x0000000100000000)
  region size 1024K, 4 young (4096K), 4 survivors (4096K)
 Metaspace       used 98151K, committed 99136K, reserved 557056K
  class space    used 13387K, committed 13888K, reserved 425984K
}
Event: 46.721 GC heap before
{Heap before GC invocations=53 (full 0):
 garbage-first heap   total 258048K, used 152950K [0x0000000080000000, 0x0000000100000000)
  region size 1024K, 12 young (12288K), 4 survivors (4096K)
 Metaspace       used 98234K, committed 99200K, reserved 557056K
  class space    used 13391K, committed 13888K, reserved 425984K
}
Event: 46.729 GC heap after
{Heap after GC invocations=54 (full 0):
 garbage-first heap   total 258048K, used 145779K [0x0000000080000000, 0x0000000100000000)
  region size 1024K, 1 young (1024K), 1 survivors (1024K)
 Metaspace       used 98234K, committed 99200K, reserved 557056K
  class space    used 13391K, committed 13888K, reserved 425984K
}

