# JRE version: OpenJDK Runtime Environment Microsoft-8035246 (17.0.8+7) (build 17.0.8+7-LTS)
# Java VM: OpenJDK 64-Bit Server VM Microsoft-8035246 (17.0.8+7-LTS, mixed mode, sharing, tiered, compressed oops, compressed class ptrs, g1 gc, windows-amd64)
GC Precious Log:
 CPUs: 4 total, 4 available
 Memory: 16382M
 Large Page Support: Disabled
 NUMA Support: Disabled
 Compressed Oops: Enabled (32-bit)
 Heap Region Size: 1M
 Heap Min Capacity: 8M
 Heap Initial Capacity: 256M
 Heap Max Capacity: 2G
 Pre-touch: Disabled
 Parallel Workers: 4
 Concurrent Workers: 1
 Concurrent Refinement Workers: 4
 Periodic GC: Disabled
Heap:
 garbage-first heap   total 253952K, used 171898K [0x0000000080000000, 0x0000000100000000)
  region size 1024K, 29 young (29696K), 5 survivors (5120K)
 Metaspace       used 98597K, committed 99584K, reserved 557056K
  class space    used 13419K, committed 13888K, reserved 425984K
GC Heap History (20 events):
Event: 33.519 GC heap before
{Heap before GC invocations=24 (full 0):
 garbage-first heap   total 163840K, used 106541K [0x0000000080000000, 0x0000000100000000)
  region size 1024K, 8 young (8192K), 6 survivors (6144K)
 Metaspace       used 77843K, committed 78656K, reserved 557056K
  class space    used 10777K, committed 11136K, reserved 425984K
}
Event: 33.527 GC heap after
{Heap after GC invocations=25 (full 0):
 garbage-first heap   total 163840K, used 105462K [0x0000000080000000, 0x0000000100000000)
  region size 1024K, 1 young (1024K), 1 survivors (1024K)
 Metaspace       used 77843K, committed 78656K, reserved 557056K
  class space    used 10777K, committed 11136K, reserved 425984K
}
Event: 34.271 GC heap before
{Heap before GC invocations=25 (full 0):
 garbage-first heap   total 163840K, used 134134K [0x0000000080000000, 0x0000000100000000)
  region size 1024K, 29 young (29696K), 1 survivors (1024K)
 Metaspace       used 79704K, committed 80512K, reserved 557056K
  class space    used 11006K, committed 11392K, reserved 425984K
}
Event: 34.279 GC heap after
{Heap after GC invocations=26 (full 0):
 garbage-first heap   total 163840K, used 109736K [0x0000000080000000, 0x0000000100000000)
  region size 1024K, 4 young (4096K), 4 survivors (4096K)
 Metaspace       used 79704K, committed 80512K, reserved 557056K
  class space    used 11006K, committed 11392K, reserved 425984K
}
Event: 35.425 GC heap before
{Heap before GC invocations=27 (full 0):
 garbage-first heap   total 196608K, used 137384K [0x0000000080000000, 0x0000000100000000)
  region size 1024K, 25 young (25600K), 4 survivors (4096K)
 Metaspace       used 80035K, committed 80896K, reserved 557056K
  class space    used 11052K, committed 11456K, reserved 425984K
}
Event: 35.434 GC heap after
{Heap after GC invocations=28 (full 0):
 garbage-first heap   total 196608K, used 123121K [0x0000000080000000, 0x0000000100000000)
  region size 1024K, 4 young (4096K), 4 survivors (4096K)
 Metaspace       used 80035K, committed 80896K, reserved 557056K
  class space    used 11052K, committed 11456K, reserved 425984K
}
Event: 35.603 GC heap before
{Heap before GC invocations=28 (full 0):
 garbage-first heap   total 196608K, used 127217K [0x0000000080000000, 0x0000000100000000)
  region size 1024K, 9 young (9216K), 4 survivors (4096K)
 Metaspace       used 80669K, committed 81472K, reserved 557056K
  class space    used 11134K, committed 11520K, reserved 425984K
}
Event: 35.607 GC heap after
{Heap after GC invocations=29 (full 0):
 garbage-first heap   total 196608K, used 123169K [0x0000000080000000, 0x0000000100000000)
  region size 1024K, 1 young (1024K), 1 survivors (1024K)
 Metaspace       used 80669K, committed 81472K, reserved 557056K
  class space    used 11134K, committed 11520K, reserved 425984K
}
Event: 36.300 GC heap before
{Heap before GC invocations=29 (full 0):
 garbage-first heap   total 196608K, used 159009K [0x0000000080000000, 0x0000000100000000)
  region size 1024K, 36 young (36864K), 1 survivors (1024K)
 Metaspace       used 83145K, committed 83968K, reserved 557056K
  class space    used 11452K, committed 11840K, reserved 425984K
}
Event: 36.310 GC heap after
{Heap after GC invocations=30 (full 0):
 garbage-first heap   total 253952K, used 127117K [0x0000000080000000, 0x0000000100000000)
  region size 1024K, 5 young (5120K), 5 survivors (5120K)
 Metaspace       used 83145K, committed 83968K, reserved 557056K
  class space    used 11452K, committed 11840K, reserved 425984K
}
Event: 38.377 GC heap before
{Heap before GC invocations=31 (full 0):
 garbage-first heap   total 253952K, used 194701K [0x0000000080000000, 0x0000000100000000)
  region size 1024K, 71 young (72704K), 5 survivors (5120K)
 Metaspace       used 89572K, committed 90432K, reserved 557056K
  class space    used 12312K, committed 12736K, reserved 425984K
}
Event: 38.394 GC heap after
{Heap after GC invocations=32 (full 0):
 garbage-first heap   total 253952K, used 132833K [0x0000000080000000, 0x0000000100000000)
  region size 1024K, 9 young (9216K), 9 survivors (9216K)
 Metaspace       used 89572K, committed 90432K, reserved 557056K
  class space    used 12312K, committed 12736K, reserved 425984K
}
Event: 38.515 GC heap before
{Heap before GC invocations=32 (full 0):
 garbage-first heap   total 253952K, used 135905K [0x0000000080000000, 0x0000000100000000)
  region size 1024K, 12 young (12288K), 9 survivors (9216K)
 Metaspace       used 90063K, committed 91008K, reserved 557056K
  class space    used 12366K, committed 12800K, reserved 425984K
}
Event: 38.530 GC heap after
{Heap after GC invocations=33 (full 0):
 garbage-first heap   total 253952K, used 132916K [0x0000000080000000, 0x0000000100000000)
  region size 1024K, 2 young (2048K), 2 survivors (2048K)
 Metaspace       used 90063K, committed 91008K, reserved 557056K
  class space    used 12366K, committed 12800K, reserved 425984K
}
Event: 40.415 GC heap before
{Heap before GC invocations=33 (full 0):
 garbage-first heap   total 253952K, used 198452K [0x0000000080000000, 0x0000000100000000)
  region size 1024K, 66 young (67584K), 2 survivors (2048K)
 Metaspace       used 96854K, committed 97728K, reserved 557056K
  class space    used 13194K, committed 13632K, reserved 425984K
}
Event: 40.427 GC heap after
{Heap after GC invocations=34 (full 0):
 garbage-first heap   total 253952K, used 139311K [0x0000000080000000, 0x0000000100000000)
  region size 1024K, 8 young (8192K), 8 survivors (8192K)
 Metaspace       used 96854K, committed 97728K, reserved 557056K
  class space    used 13194K, committed 13632K, reserved 425984K
}
Event: 41.629 GC heap before
{Heap before GC invocations=34 (full 0):
 garbage-first heap   total 253952K, used 200751K [0x0000000080000000, 0x0000000100000000)
  region size 1024K, 69 young (70656K), 8 survivors (8192K)
 Metaspace       used 98142K, committed 99072K, reserved 557056K
  class space    used 13404K, committed 13824K, reserved 425984K
}
Event: 41.647 GC heap after
{Heap after GC invocations=35 (full 0):
 garbage-first heap   total 253952K, used 144646K [0x0000000080000000, 0x0000000100000000)
  region size 1024K, 6 young (6144K), 6 survivors (6144K)
 Metaspace       used 98142K, committed 99072K, reserved 557056K
  class space    used 13404K, committed 13824K, reserved 425984K
}
Event: 42.744 GC heap before
{Heap before GC invocations=35 (full 0):
 garbage-first heap   total 253952K, used 204038K [0x0000000080000000, 0x0000000100000000)
  region size 1024K, 65 young (66560K), 6 survivors (6144K)
 Metaspace       used 98539K, committed 99520K, reserved 557056K
  class space    used 13415K, committed 13888K, reserved 425984K
}
Event: 42.762 GC heap after
{Heap after GC invocations=36 (full 0):
 garbage-first heap   total 253952K, used 149370K [0x0000000080000000, 0x0000000100000000)
  region size 1024K, 5 young (5120K), 5 survivors (5120K)
 Metaspace       used 98539K, committed 99520K, reserved 557056K
  class space    used 13415K, committed 13888K, reserved 425984K
}

