# JRE version: OpenJDK Runtime Environment Microsoft-8035246 (17.0.8+7) (build 17.0.8+7-LTS)
# Java VM: OpenJDK 64-Bit Server VM Microsoft-8035246 (17.0.8+7-LTS, mixed mode, sharing, tiered, compressed oops, compressed class ptrs, g1 gc, windows-amd64)
GC Precious Log:
 CPUs: 4 total, 4 available
 Memory: 16382M
 Large Page Support: Disabled
 NUMA Support: Disabled
 Compressed Oops: Enabled (32-bit)
 Heap Region Size: 1M
 Heap Min Capacity: 8M
 Heap Initial Capacity: 256M
 Heap Max Capacity: 2G
 Pre-touch: Disabled
 Parallel Workers: 4
 Concurrent Workers: 1
 Concurrent Refinement Workers: 4
 Periodic GC: Disabled
Heap:
 garbage-first heap   total 385024K, used 178848K [0x0000000080000000, 0x0000000100000000)
  region size 1024K, 56 young (57344K), 18 survivors (18432K)
 Metaspace       used 98271K, committed 99264K, reserved 557056K
  class space    used 13394K, committed 13888K, reserved 425984K
GC Heap History (20 events):
Event: 36.744 GC heap before
{Heap before GC invocations=37 (full 0):
 garbage-first heap   total 143360K, used 113106K [0x0000000080000000, 0x0000000100000000)
  region size 1024K, 34 young (34816K), 5 survivors (5120K)
 Metaspace       used 77061K, committed 77888K, reserved 557056K
  class space    used 10673K, committed 11072K, reserved 425984K
}
Event: 36.756 GC heap after
{Heap after GC invocations=38 (full 0):
 garbage-first heap   total 143360K, used 90632K [0x0000000080000000, 0x0000000100000000)
  region size 1024K, 5 young (5120K), 5 survivors (5120K)
 Metaspace       used 77061K, committed 77888K, reserved 557056K
  class space    used 10673K, committed 11072K, reserved 425984K
}
Event: 37.044 GC heap before
{Heap before GC invocations=38 (full 0):
 garbage-first heap   total 143360K, used 92680K [0x0000000080000000, 0x0000000100000000)
  region size 1024K, 7 young (7168K), 5 survivors (5120K)
 Metaspace       used 77163K, committed 78016K, reserved 557056K
  class space    used 10690K, committed 11072K, reserved 425984K
}
Event: 37.051 GC heap after
{Heap after GC invocations=39 (full 0):
 garbage-first heap   total 172032K, used 91460K [0x0000000080000000, 0x0000000100000000)
  region size 1024K, 1 young (1024K), 1 survivors (1024K)
 Metaspace       used 77163K, committed 78016K, reserved 557056K
  class space    used 10690K, committed 11072K, reserved 425984K
}
Event: 37.967 GC heap before
{Heap before GC invocations=39 (full 0):
 garbage-first heap   total 172032K, used 109892K [0x0000000080000000, 0x0000000100000000)
  region size 1024K, 20 young (20480K), 1 survivors (1024K)
 Metaspace       used 77376K, committed 78208K, reserved 557056K
  class space    used 10691K, committed 11072K, reserved 425984K
}
Event: 37.972 GC heap after
{Heap after GC invocations=40 (full 0):
 garbage-first heap   total 172032K, used 92190K [0x0000000080000000, 0x0000000100000000)
  region size 1024K, 2 young (2048K), 2 survivors (2048K)
 Metaspace       used 77376K, committed 78208K, reserved 557056K
  class space    used 10691K, committed 11072K, reserved 425984K
}
Event: 40.424 GC heap before
{Heap before GC invocations=41 (full 0):
 garbage-first heap   total 172032K, used 143390K [0x0000000080000000, 0x0000000100000000)
  region size 1024K, 46 young (47104K), 2 survivors (2048K)
 Metaspace       used 79770K, committed 80640K, reserved 557056K
  class space    used 10992K, committed 11392K, reserved 425984K
}
Event: 40.435 GC heap after
{Heap after GC invocations=42 (full 0):
 garbage-first heap   total 172032K, used 107618K [0x0000000080000000, 0x0000000100000000)
  region size 1024K, 6 young (6144K), 6 survivors (6144K)
 Metaspace       used 79770K, committed 80640K, reserved 557056K
  class space    used 10992K, committed 11392K, reserved 425984K
}
Event: 40.478 GC heap before
{Heap before GC invocations=42 (full 0):
 garbage-first heap   total 172032K, used 108642K [0x0000000080000000, 0x0000000100000000)
  region size 1024K, 8 young (8192K), 6 survivors (6144K)
 Metaspace       used 79771K, committed 80640K, reserved 557056K
  class space    used 10992K, committed 11392K, reserved 425984K
}
Event: 40.486 GC heap after
{Heap after GC invocations=43 (full 0):
 garbage-first heap   total 172032K, used 107361K [0x0000000080000000, 0x0000000100000000)
  region size 1024K, 1 young (1024K), 1 survivors (1024K)
 Metaspace       used 79771K, committed 80640K, reserved 557056K
  class space    used 10992K, committed 11392K, reserved 425984K
}
Event: 41.910 GC heap before
{Heap before GC invocations=43 (full 0):
 garbage-first heap   total 172032K, used 147297K [0x0000000080000000, 0x0000000100000000)
  region size 1024K, 34 young (34816K), 1 survivors (1024K)
 Metaspace       used 81812K, committed 82752K, reserved 557056K
  class space    used 11267K, committed 11712K, reserved 425984K
}
Event: 41.915 GC heap after
{Heap after GC invocations=44 (full 0):
 garbage-first heap   total 172032K, used 121003K [0x0000000080000000, 0x0000000100000000)
  region size 1024K, 5 young (5120K), 5 survivors (5120K)
 Metaspace       used 81812K, committed 82752K, reserved 557056K
  class space    used 11267K, committed 11712K, reserved 425984K
}
Event: 42.461 GC heap before
{Heap before GC invocations=45 (full 0):
 garbage-first heap   total 219136K, used 143531K [0x0000000080000000, 0x0000000100000000)
  region size 1024K, 27 young (27648K), 5 survivors (5120K)
 Metaspace       used 83151K, committed 84096K, reserved 557056K
  class space    used 11438K, committed 11840K, reserved 425984K
}
Event: 42.472 GC heap after
{Heap after GC invocations=46 (full 0):
 garbage-first heap   total 219136K, used 124672K [0x0000000080000000, 0x0000000100000000)
  region size 1024K, 4 young (4096K), 4 survivors (4096K)
 Metaspace       used 83151K, committed 84096K, reserved 557056K
  class space    used 11438K, committed 11840K, reserved 425984K
}
Event: 42.570 GC heap before
{Heap before GC invocations=46 (full 0):
 garbage-first heap   total 219136K, used 130816K [0x0000000080000000, 0x0000000100000000)
  region size 1024K, 10 young (10240K), 4 survivors (4096K)
 Metaspace       used 83505K, committed 84416K, reserved 557056K
  class space    used 11495K, committed 11904K, reserved 425984K
}
Event: 42.578 GC heap after
{Heap after GC invocations=47 (full 0):
 garbage-first heap   total 219136K, used 124985K [0x0000000080000000, 0x0000000100000000)
  region size 1024K, 1 young (1024K), 1 survivors (1024K)
 Metaspace       used 83505K, committed 84416K, reserved 557056K
  class space    used 11495K, committed 11904K, reserved 425984K
}
Event: 44.247 GC heap before
{Heap before GC invocations=47 (full 0):
 garbage-first heap   total 219136K, used 172089K [0x0000000080000000, 0x0000000100000000)
  region size 1024K, 47 young (48128K), 1 survivors (1024K)
 Metaspace       used 87732K, committed 88640K, reserved 557056K
  class space    used 12001K, committed 12416K, reserved 425984K
}
Event: 44.260 GC heap after
{Heap after GC invocations=48 (full 0):
 garbage-first heap   total 385024K, used 129356K [0x0000000080000000, 0x0000000100000000)
  region size 1024K, 6 young (6144K), 6 survivors (6144K)
 Metaspace       used 87732K, committed 88640K, reserved 557056K
  class space    used 12001K, committed 12416K, reserved 425984K
}
Event: 48.036 GC heap before
{Heap before GC invocations=48 (full 0):
 garbage-first heap   total 385024K, used 265548K [0x0000000080000000, 0x0000000100000000)
  region size 1024K, 140 young (143360K), 6 survivors (6144K)
 Metaspace       used 98114K, committed 99008K, reserved 557056K
  class space    used 13388K, committed 13824K, reserved 425984K
}
Event: 48.066 GC heap after
{Heap after GC invocations=49 (full 0):
 garbage-first heap   total 385024K, used 141984K [0x0000000080000000, 0x0000000100000000)
  region size 1024K, 18 young (18432K), 18 survivors (18432K)
 Metaspace       used 98114K, committed 99008K, reserved 557056K
  class space    used 13388K, committed 13824K, reserved 425984K
}

